<?xml version="1.0" encoding="UTF-8"?>
<!-- Generated by org.testng.reporters.JUnitReportReporter -->
<testsuite hostname="LAPTOP-DED26UEP" failures="0" tests="1" name="org.testng.TestNg1" time="0.012" errors="0" timestamp="11 Jul 2021 15:21:52 GMT" skipped="0">
  <testcase classname="org.testng.TestNg1" name="test2" time="0.012"/>
</testsuite> <!-- org.testng.TestNg1 -->
